990312 s100 096188
990311 s100 096160
990220 s100 795049
990183 s100 623160
990042 s100 810873
990074 s100 902152
990225 s100 852091
990156 s100 210872
990176 s100 904405
990239 s100 210117
990271 s100 957517
990015 s100 814675
990248 s100 823025
990098 s100 815190
990252 s100 905680
990115 s100 905788
990319 s100 901066
990177 s100 603615
990247 s100 202555
990135 s100 964346
990186 s100 381057
990273 s100 381182
990174 s100 381388
990102 s100 381619
990040 s100 287849
990157 s100 383686
990016 s100 700276
990012 s100 383980
990260 s100 185287
990081 s100 289843

